<?xml version="1.0" encoding="UTF-8"?>
<coverage generated="1637528248020" clover="3.2.0">
  <project timestamp="1637528248020" name="All files">
    <metrics statements="72" coveredstatements="65" conditionals="94" coveredconditionals="84" methods="12" coveredmethods="11" elements="178" coveredelements="160" complexity="0" loc="72" ncloc="72" packages="1" files="2" classes="2"/>
    <file name="cipher.js" path="D:\learning\Rs_task2\src\cipher.js">
      <metrics statements="47" coveredstatements="46" conditionals="76" coveredconditionals="70" methods="7" coveredmethods="7"/>
      <line num="2" count="7" type="cond" truecount="2" falsecount="0"/>
      <line num="3" count="6" type="cond" truecount="1" falsecount="1"/>
      <line num="4" count="6" type="cond" truecount="2" falsecount="0"/>
      <line num="5" count="82" type="cond" truecount="1" falsecount="1"/>
      <line num="6" count="2" type="stmt"/>
      <line num="7" count="82" type="cond" truecount="4" falsecount="0"/>
      <line num="8" count="4" type="stmt"/>
      <line num="10" count="78" type="cond" truecount="4" falsecount="0"/>
      <line num="11" count="56" type="stmt"/>
      <line num="13" count="22" type="stmt"/>
      <line num="15" count="2" type="stmt"/>
      <line num="17" count="4" type="cond" truecount="2" falsecount="0"/>
      <line num="18" count="106" type="cond" truecount="1" falsecount="1"/>
      <line num="19" count="2" type="stmt"/>
      <line num="20" count="106" type="stmt"/>
      <line num="21" count="106" type="cond" truecount="6" falsecount="0"/>
      <line num="22" count="104" type="cond" truecount="2" falsecount="0"/>
      <line num="23" count="2" type="cond" truecount="2" falsecount="0"/>
      <line num="25" count="102" type="cond" truecount="2" falsecount="0"/>
      <line num="26" count="2" type="cond" truecount="2" falsecount="0"/>
      <line num="28" count="100" type="cond" truecount="2" falsecount="0"/>
      <line num="29" count="2" type="cond" truecount="2" falsecount="0"/>
      <line num="31" count="98" type="cond" truecount="2" falsecount="0"/>
      <line num="32" count="2" type="cond" truecount="2" falsecount="0"/>
      <line num="34" count="96" type="cond" truecount="2" falsecount="0"/>
      <line num="36" count="2" type="stmt"/>
      <line num="38" count="2" type="stmt"/>
      <line num="40" count="2" type="cond" truecount="1" falsecount="1"/>
      <line num="41" count="106" type="stmt"/>
      <line num="42" count="2" type="stmt"/>
      <line num="43" count="106" type="stmt"/>
      <line num="44" count="106" type="cond" truecount="4" falsecount="0"/>
      <line num="45" count="52" type="cond" truecount="2" falsecount="0"/>
      <line num="46" count="16" type="cond" truecount="2" falsecount="0"/>
      <line num="48" count="36" type="cond" truecount="2" falsecount="0"/>
      <line num="49" count="16" type="cond" truecount="2" falsecount="0"/>
      <line num="51" count="20" type="cond" truecount="2" falsecount="0"/>
      <line num="53" count="54" type="cond" truecount="4" falsecount="0"/>
      <line num="54" count="52" type="cond" truecount="2" falsecount="0"/>
      <line num="55" count="16" type="cond" truecount="2" falsecount="0"/>
      <line num="57" count="36" type="cond" truecount="2" falsecount="0"/>
      <line num="58" count="16" type="cond" truecount="2" falsecount="0"/>
      <line num="60" count="20" type="cond" truecount="2" falsecount="0"/>
      <line num="62" count="2" type="stmt"/>
      <line num="64" count="2" type="stmt"/>
      <line num="67" count="0" type="stmt"/>
      <line num="70" count="1" type="stmt"/>
    </file>
    <file name="validator.js" path="D:\learning\Rs_task2\src\validator.js">
      <metrics statements="25" coveredstatements="19" conditionals="18" coveredconditionals="14" methods="5" coveredmethods="4"/>
      <line num="2" count="6" type="stmt"/>
      <line num="3" count="20" type="cond" truecount="2" falsecount="2"/>
      <line num="4" count="0" type="stmt"/>
      <line num="5" count="0" type="stmt"/>
      <line num="7" count="6" type="stmt"/>
      <line num="13" count="6" type="cond" truecount="2" falsecount="0"/>
      <line num="14" count="5" type="stmt"/>
      <line num="15" count="1" type="cond" truecount="1" falsecount="1"/>
      <line num="16" count="1" type="stmt"/>
      <line num="18" count="0" type="stmt"/>
      <line num="19" count="0" type="stmt"/>
      <line num="22" count="6" type="cond" truecount="1" falsecount="1"/>
      <line num="23" count="0" type="stmt"/>
      <line num="24" count="0" type="stmt"/>
      <line num="27" count="6" type="cond" truecount="2" falsecount="0"/>
      <line num="28" count="1" type="stmt"/>
      <line num="30" count="6" type="cond" truecount="2" falsecount="0"/>
      <line num="31" count="1" type="stmt"/>
      <line num="33" count="6" type="cond" truecount="2" falsecount="0"/>
      <line num="34" count="1" type="stmt"/>
      <line num="36" count="6" type="cond" truecount="2" falsecount="0"/>
      <line num="37" count="1" type="stmt"/>
      <line num="39" count="6" type="stmt"/>
      <line num="43" count="18" type="stmt"/>
      <line num="46" count="1" type="stmt"/>
    </file>
  </project>
</coverage>
