{"D:\\learning\\Rs_task2\\src\\cipher.js": {"path":"D:\\learning\\Rs_task2\\src\\cipher.js","statementMap":{"0":{"start":{"line":2,"column":4},"end":{"line":2,"column":29}},"1":{"start":{"line":2,"column":23},"end":{"line":2,"column":29}},"2":{"start":{"line":3,"column":4},"end":{"line":66,"column":5}},"3":{"start":{"line":4,"column":8},"end":{"line":16,"column":9}},"4":{"start":{"line":5,"column":25},"end":{"line":5,"column":79}},"5":{"start":{"line":5,"column":54},"end":{"line":5,"column":72}},"6":{"start":{"line":6,"column":28},"end":{"line":14,"column":14}},"7":{"start":{"line":7,"column":16},"end":{"line":9,"column":17}},"8":{"start":{"line":8,"column":20},"end":{"line":8,"column":37}},"9":{"start":{"line":10,"column":16},"end":{"line":12,"column":17}},"10":{"start":{"line":11,"column":20},"end":{"line":11,"column":37}},"11":{"start":{"line":13,"column":16},"end":{"line":13,"column":27}},"12":{"start":{"line":15,"column":12},"end":{"line":15,"column":50}},"13":{"start":{"line":17,"column":8},"end":{"line":39,"column":9}},"14":{"start":{"line":18,"column":25},"end":{"line":18,"column":79}},"15":{"start":{"line":18,"column":54},"end":{"line":18,"column":72}},"16":{"start":{"line":19,"column":28},"end":{"line":37,"column":14}},"17":{"start":{"line":20,"column":34},"end":{"line":20,"column":51}},"18":{"start":{"line":21,"column":16},"end":{"line":35,"column":17}},"19":{"start":{"line":22,"column":20},"end":{"line":24,"column":21}},"20":{"start":{"line":23,"column":24},"end":{"line":23,"column":56}},"21":{"start":{"line":25,"column":20},"end":{"line":27,"column":21}},"22":{"start":{"line":26,"column":24},"end":{"line":26,"column":56}},"23":{"start":{"line":28,"column":20},"end":{"line":30,"column":21}},"24":{"start":{"line":29,"column":24},"end":{"line":29,"column":57}},"25":{"start":{"line":31,"column":20},"end":{"line":33,"column":21}},"26":{"start":{"line":32,"column":24},"end":{"line":32,"column":56}},"27":{"start":{"line":34,"column":20},"end":{"line":34,"column":58}},"28":{"start":{"line":36,"column":16},"end":{"line":36,"column":27}},"29":{"start":{"line":38,"column":12},"end":{"line":38,"column":50}},"30":{"start":{"line":40,"column":8},"end":{"line":65,"column":9}},"31":{"start":{"line":41,"column":25},"end":{"line":41,"column":72}},"32":{"start":{"line":41,"column":53},"end":{"line":41,"column":71}},"33":{"start":{"line":42,"column":28},"end":{"line":63,"column":14}},"34":{"start":{"line":43,"column":34},"end":{"line":43,"column":51}},"35":{"start":{"line":44,"column":16},"end":{"line":52,"column":17}},"36":{"start":{"line":45,"column":20},"end":{"line":47,"column":21}},"37":{"start":{"line":46,"column":24},"end":{"line":46,"column":63}},"38":{"start":{"line":48,"column":20},"end":{"line":50,"column":21}},"39":{"start":{"line":49,"column":24},"end":{"line":49,"column":63}},"40":{"start":{"line":51,"column":20},"end":{"line":51,"column":58}},"41":{"start":{"line":53,"column":16},"end":{"line":61,"column":17}},"42":{"start":{"line":54,"column":20},"end":{"line":56,"column":21}},"43":{"start":{"line":55,"column":24},"end":{"line":55,"column":63}},"44":{"start":{"line":57,"column":20},"end":{"line":59,"column":21}},"45":{"start":{"line":58,"column":24},"end":{"line":58,"column":63}},"46":{"start":{"line":60,"column":20},"end":{"line":60,"column":58}},"47":{"start":{"line":62,"column":16},"end":{"line":62,"column":27}},"48":{"start":{"line":64,"column":12},"end":{"line":64,"column":50}},"49":{"start":{"line":67,"column":4},"end":{"line":67,"column":16}},"50":{"start":{"line":70,"column":0},"end":{"line":70,"column":25}}},"fnMap":{"0":{"name":"cipher","decl":{"start":{"line":1,"column":9},"end":{"line":1,"column":15}},"loc":{"start":{"line":1,"column":39},"end":{"line":68,"column":1}},"line":1},"1":{"name":"(anonymous_1)","decl":{"start":{"line":5,"column":46},"end":{"line":5,"column":47}},"loc":{"start":{"line":5,"column":54},"end":{"line":5,"column":72}},"line":5},"2":{"name":"(anonymous_2)","decl":{"start":{"line":6,"column":37},"end":{"line":6,"column":38}},"loc":{"start":{"line":6,"column":45},"end":{"line":14,"column":13}},"line":6},"3":{"name":"(anonymous_3)","decl":{"start":{"line":18,"column":46},"end":{"line":18,"column":47}},"loc":{"start":{"line":18,"column":54},"end":{"line":18,"column":72}},"line":18},"4":{"name":"(anonymous_4)","decl":{"start":{"line":19,"column":37},"end":{"line":19,"column":38}},"loc":{"start":{"line":19,"column":45},"end":{"line":37,"column":13}},"line":19},"5":{"name":"(anonymous_5)","decl":{"start":{"line":41,"column":45},"end":{"line":41,"column":46}},"loc":{"start":{"line":41,"column":53},"end":{"line":41,"column":71}},"line":41},"6":{"name":"(anonymous_6)","decl":{"start":{"line":42,"column":37},"end":{"line":42,"column":38}},"loc":{"start":{"line":42,"column":45},"end":{"line":63,"column":13}},"line":42}},"branchMap":{"0":{"loc":{"start":{"line":1,"column":16},"end":{"line":1,"column":26}},"type":"default-arg","locations":[{"start":{"line":1,"column":24},"end":{"line":1,"column":26}}],"line":1},"1":{"loc":{"start":{"line":1,"column":28},"end":{"line":1,"column":37}},"type":"default-arg","locations":[{"start":{"line":1,"column":35},"end":{"line":1,"column":37}}],"line":1},"2":{"loc":{"start":{"line":2,"column":4},"end":{"line":2,"column":29}},"type":"if","locations":[{"start":{"line":2,"column":4},"end":{"line":2,"column":29}},{"start":{},"end":{}}],"line":2},"3":{"loc":{"start":{"line":3,"column":4},"end":{"line":66,"column":5}},"type":"if","locations":[{"start":{"line":3,"column":4},"end":{"line":66,"column":5}},{"start":{},"end":{}}],"line":3},"4":{"loc":{"start":{"line":4,"column":8},"end":{"line":16,"column":9}},"type":"if","locations":[{"start":{"line":4,"column":8},"end":{"line":16,"column":9}},{"start":{},"end":{}}],"line":4},"5":{"loc":{"start":{"line":5,"column":25},"end":{"line":5,"column":79}},"type":"binary-expr","locations":[{"start":{"line":5,"column":25},"end":{"line":5,"column":73}},{"start":{"line":5,"column":77},"end":{"line":5,"column":79}}],"line":5},"6":{"loc":{"start":{"line":7,"column":16},"end":{"line":9,"column":17}},"type":"if","locations":[{"start":{"line":7,"column":16},"end":{"line":9,"column":17}},{"start":{},"end":{}}],"line":7},"7":{"loc":{"start":{"line":7,"column":20},"end":{"line":7,"column":44}},"type":"binary-expr","locations":[{"start":{"line":7,"column":20},"end":{"line":7,"column":30}},{"start":{"line":7,"column":34},"end":{"line":7,"column":44}}],"line":7},"8":{"loc":{"start":{"line":10,"column":16},"end":{"line":12,"column":17}},"type":"if","locations":[{"start":{"line":10,"column":16},"end":{"line":12,"column":17}},{"start":{},"end":{}}],"line":10},"9":{"loc":{"start":{"line":10,"column":20},"end":{"line":10,"column":45}},"type":"binary-expr","locations":[{"start":{"line":10,"column":20},"end":{"line":10,"column":30}},{"start":{"line":10,"column":34},"end":{"line":10,"column":45}}],"line":10},"10":{"loc":{"start":{"line":17,"column":8},"end":{"line":39,"column":9}},"type":"if","locations":[{"start":{"line":17,"column":8},"end":{"line":39,"column":9}},{"start":{},"end":{}}],"line":17},"11":{"loc":{"start":{"line":18,"column":25},"end":{"line":18,"column":79}},"type":"binary-expr","locations":[{"start":{"line":18,"column":25},"end":{"line":18,"column":73}},{"start":{"line":18,"column":77},"end":{"line":18,"column":79}}],"line":18},"12":{"loc":{"start":{"line":21,"column":16},"end":{"line":35,"column":17}},"type":"if","locations":[{"start":{"line":21,"column":16},"end":{"line":35,"column":17}},{"start":{},"end":{}}],"line":21},"13":{"loc":{"start":{"line":21,"column":20},"end":{"line":21,"column":77}},"type":"binary-expr","locations":[{"start":{"line":21,"column":21},"end":{"line":21,"column":31}},{"start":{"line":21,"column":35},"end":{"line":21,"column":45}},{"start":{"line":21,"column":51},"end":{"line":21,"column":61}},{"start":{"line":21,"column":65},"end":{"line":21,"column":76}}],"line":21},"14":{"loc":{"start":{"line":22,"column":20},"end":{"line":24,"column":21}},"type":"if","locations":[{"start":{"line":22,"column":20},"end":{"line":24,"column":21}},{"start":{},"end":{}}],"line":22},"15":{"loc":{"start":{"line":23,"column":31},"end":{"line":23,"column":56}},"type":"cond-expr","locations":[{"start":{"line":23,"column":43},"end":{"line":23,"column":51}},{"start":{"line":23,"column":54},"end":{"line":23,"column":56}}],"line":23},"16":{"loc":{"start":{"line":25,"column":20},"end":{"line":27,"column":21}},"type":"if","locations":[{"start":{"line":25,"column":20},"end":{"line":27,"column":21}},{"start":{},"end":{}}],"line":25},"17":{"loc":{"start":{"line":26,"column":31},"end":{"line":26,"column":56}},"type":"cond-expr","locations":[{"start":{"line":26,"column":43},"end":{"line":26,"column":45}},{"start":{"line":26,"column":48},"end":{"line":26,"column":56}}],"line":26},"18":{"loc":{"start":{"line":28,"column":20},"end":{"line":30,"column":21}},"type":"if","locations":[{"start":{"line":28,"column":20},"end":{"line":30,"column":21}},{"start":{},"end":{}}],"line":28},"19":{"loc":{"start":{"line":29,"column":31},"end":{"line":29,"column":57}},"type":"cond-expr","locations":[{"start":{"line":29,"column":43},"end":{"line":29,"column":51}},{"start":{"line":29,"column":54},"end":{"line":29,"column":57}}],"line":29},"20":{"loc":{"start":{"line":31,"column":20},"end":{"line":33,"column":21}},"type":"if","locations":[{"start":{"line":31,"column":20},"end":{"line":33,"column":21}},{"start":{},"end":{}}],"line":31},"21":{"loc":{"start":{"line":32,"column":31},"end":{"line":32,"column":56}},"type":"cond-expr","locations":[{"start":{"line":32,"column":43},"end":{"line":32,"column":45}},{"start":{"line":32,"column":48},"end":{"line":32,"column":56}}],"line":32},"22":{"loc":{"start":{"line":34,"column":27},"end":{"line":34,"column":58}},"type":"cond-expr","locations":[{"start":{"line":34,"column":39},"end":{"line":34,"column":47}},{"start":{"line":34,"column":50},"end":{"line":34,"column":58}}],"line":34},"23":{"loc":{"start":{"line":40,"column":8},"end":{"line":65,"column":9}},"type":"if","locations":[{"start":{"line":40,"column":8},"end":{"line":65,"column":9}},{"start":{},"end":{}}],"line":40},"24":{"loc":{"start":{"line":44,"column":16},"end":{"line":52,"column":17}},"type":"if","locations":[{"start":{"line":44,"column":16},"end":{"line":52,"column":17}},{"start":{},"end":{}}],"line":44},"25":{"loc":{"start":{"line":44,"column":20},"end":{"line":44,"column":44}},"type":"binary-expr","locations":[{"start":{"line":44,"column":20},"end":{"line":44,"column":30}},{"start":{"line":44,"column":34},"end":{"line":44,"column":44}}],"line":44},"26":{"loc":{"start":{"line":45,"column":20},"end":{"line":47,"column":21}},"type":"if","locations":[{"start":{"line":45,"column":20},"end":{"line":47,"column":21}},{"start":{},"end":{}}],"line":45},"27":{"loc":{"start":{"line":46,"column":31},"end":{"line":46,"column":63}},"type":"cond-expr","locations":[{"start":{"line":46,"column":43},"end":{"line":46,"column":51}},{"start":{"line":46,"column":54},"end":{"line":46,"column":63}}],"line":46},"28":{"loc":{"start":{"line":48,"column":20},"end":{"line":50,"column":21}},"type":"if","locations":[{"start":{"line":48,"column":20},"end":{"line":50,"column":21}},{"start":{},"end":{}}],"line":48},"29":{"loc":{"start":{"line":49,"column":31},"end":{"line":49,"column":63}},"type":"cond-expr","locations":[{"start":{"line":49,"column":43},"end":{"line":49,"column":52}},{"start":{"line":49,"column":55},"end":{"line":49,"column":63}}],"line":49},"30":{"loc":{"start":{"line":51,"column":27},"end":{"line":51,"column":58}},"type":"cond-expr","locations":[{"start":{"line":51,"column":39},"end":{"line":51,"column":47}},{"start":{"line":51,"column":50},"end":{"line":51,"column":58}}],"line":51},"31":{"loc":{"start":{"line":53,"column":16},"end":{"line":61,"column":17}},"type":"if","locations":[{"start":{"line":53,"column":16},"end":{"line":61,"column":17}},{"start":{},"end":{}}],"line":53},"32":{"loc":{"start":{"line":53,"column":20},"end":{"line":53,"column":45}},"type":"binary-expr","locations":[{"start":{"line":53,"column":20},"end":{"line":53,"column":30}},{"start":{"line":53,"column":34},"end":{"line":53,"column":45}}],"line":53},"33":{"loc":{"start":{"line":54,"column":20},"end":{"line":56,"column":21}},"type":"if","locations":[{"start":{"line":54,"column":20},"end":{"line":56,"column":21}},{"start":{},"end":{}}],"line":54},"34":{"loc":{"start":{"line":55,"column":31},"end":{"line":55,"column":63}},"type":"cond-expr","locations":[{"start":{"line":55,"column":43},"end":{"line":55,"column":51}},{"start":{"line":55,"column":54},"end":{"line":55,"column":63}}],"line":55},"35":{"loc":{"start":{"line":57,"column":20},"end":{"line":59,"column":21}},"type":"if","locations":[{"start":{"line":57,"column":20},"end":{"line":59,"column":21}},{"start":{},"end":{}}],"line":57},"36":{"loc":{"start":{"line":58,"column":31},"end":{"line":58,"column":63}},"type":"cond-expr","locations":[{"start":{"line":58,"column":43},"end":{"line":58,"column":52}},{"start":{"line":58,"column":55},"end":{"line":58,"column":63}}],"line":58},"37":{"loc":{"start":{"line":60,"column":27},"end":{"line":60,"column":58}},"type":"cond-expr","locations":[{"start":{"line":60,"column":39},"end":{"line":60,"column":47}},{"start":{"line":60,"column":50},"end":{"line":60,"column":58}}],"line":60}},"s":{"0":7,"1":1,"2":6,"3":6,"4":2,"5":82,"6":2,"7":82,"8":4,"9":78,"10":56,"11":22,"12":2,"13":4,"14":2,"15":106,"16":2,"17":106,"18":106,"19":104,"20":2,"21":102,"22":2,"23":100,"24":2,"25":98,"26":2,"27":96,"28":2,"29":2,"30":2,"31":2,"32":106,"33":2,"34":106,"35":106,"36":52,"37":16,"38":36,"39":16,"40":20,"41":54,"42":52,"43":16,"44":36,"45":16,"46":20,"47":2,"48":2,"49":0,"50":1},"f":{"0":7,"1":82,"2":82,"3":106,"4":106,"5":106,"6":106},"b":{"0":[0],"1":[0],"2":[1,6],"3":[6,0],"4":[2,4],"5":[2,0],"6":[4,78],"7":[82,62],"8":[56,22],"9":[78,56],"10":[2,2],"11":[2,0],"12":[104,2],"13":[106,104,54,52],"14":[2,102],"15":[1,1],"16":[2,100],"17":[1,1],"18":[2,98],"19":[1,1],"20":[2,96],"21":[1,1],"22":[48,48],"23":[2,0],"24":[52,54],"25":[106,104],"26":[16,36],"27":[8,8],"28":[16,20],"29":[8,8],"30":[10,10],"31":[52,2],"32":[54,52],"33":[16,36],"34":[8,8],"35":[16,20],"36":[8,8],"37":[10,10]},"_coverageSchema":"1a1c01bbd47fc00a2c39e90264f33305004495a9","hash":"fdfd17ca0990eeeeca73915dfe2dda475a7a7fef"}
,"D:\\learning\\Rs_task2\\src\\validator.js": {"path":"D:\\learning\\Rs_task2\\src\\validator.js","statementMap":{"0":{"start":{"line":2,"column":24},"end":{"line":2,"column":26}},"1":{"start":{"line":3,"column":4},"end":{"line":6,"column":9}},"2":{"start":{"line":3,"column":25},"end":{"line":6,"column":8}},"3":{"start":{"line":4,"column":8},"end":{"line":4,"column":56}},"4":{"start":{"line":5,"column":8},"end":{"line":5,"column":23}},"5":{"start":{"line":7,"column":19},"end":{"line":11,"column":5}},"6":{"start":{"line":13,"column":4},"end":{"line":20,"column":5}},"7":{"start":{"line":14,"column":8},"end":{"line":14,"column":52}},"8":{"start":{"line":15,"column":10},"end":{"line":20,"column":5}},"9":{"start":{"line":16,"column":8},"end":{"line":16,"column":58}},"10":{"start":{"line":18,"column":8},"end":{"line":18,"column":48}},"11":{"start":{"line":19,"column":8},"end":{"line":19,"column":23}},"12":{"start":{"line":22,"column":4},"end":{"line":25,"column":5}},"13":{"start":{"line":23,"column":8},"end":{"line":23,"column":46}},"14":{"start":{"line":24,"column":8},"end":{"line":24,"column":23}},"15":{"start":{"line":27,"column":4},"end":{"line":29,"column":5}},"16":{"start":{"line":28,"column":8},"end":{"line":28,"column":51}},"17":{"start":{"line":30,"column":4},"end":{"line":32,"column":5}},"18":{"start":{"line":31,"column":8},"end":{"line":31,"column":56}},"19":{"start":{"line":33,"column":4},"end":{"line":35,"column":5}},"20":{"start":{"line":34,"column":8},"end":{"line":34,"column":52}},"21":{"start":{"line":36,"column":4},"end":{"line":38,"column":5}},"22":{"start":{"line":37,"column":8},"end":{"line":37,"column":58}},"23":{"start":{"line":39,"column":4},"end":{"line":39,"column":17}},"24":{"start":{"line":43,"column":4},"end":{"line":43,"column":95}},"25":{"start":{"line":43,"column":44},"end":{"line":43,"column":94}},"26":{"start":{"line":46,"column":0},"end":{"line":48,"column":1}}},"fnMap":{"0":{"name":"getConfig","decl":{"start":{"line":1,"column":9},"end":{"line":1,"column":18}},"loc":{"start":{"line":1,"column":25},"end":{"line":40,"column":1}},"line":1},"1":{"name":"(anonymous_1)","decl":{"start":{"line":3,"column":17},"end":{"line":3,"column":18}},"loc":{"start":{"line":3,"column":25},"end":{"line":6,"column":8}},"line":3},"2":{"name":"(anonymous_2)","decl":{"start":{"line":3,"column":97},"end":{"line":3,"column":98}},"loc":{"start":{"line":3,"column":103},"end":{"line":6,"column":5}},"line":3},"3":{"name":"configValidator","decl":{"start":{"line":42,"column":9},"end":{"line":42,"column":24}},"loc":{"start":{"line":42,"column":33},"end":{"line":44,"column":1}},"line":42},"4":{"name":"(anonymous_4)","decl":{"start":{"line":43,"column":36},"end":{"line":43,"column":37}},"loc":{"start":{"line":43,"column":44},"end":{"line":43,"column":94}},"line":43}},"branchMap":{"0":{"loc":{"start":{"line":3,"column":25},"end":{"line":6,"column":8}},"type":"cond-expr","locations":[{"start":{"line":3,"column":72},"end":{"line":3,"column":93}},{"start":{"line":3,"column":96},"end":{"line":6,"column":8}}],"line":3},"1":{"loc":{"start":{"line":3,"column":27},"end":{"line":3,"column":68}},"type":"binary-expr","locations":[{"start":{"line":3,"column":27},"end":{"line":3,"column":46}},{"start":{"line":3,"column":50},"end":{"line":3,"column":68}}],"line":3},"2":{"loc":{"start":{"line":13,"column":4},"end":{"line":20,"column":5}},"type":"if","locations":[{"start":{"line":13,"column":4},"end":{"line":20,"column":5}},{"start":{"line":15,"column":10},"end":{"line":20,"column":5}}],"line":13},"3":{"loc":{"start":{"line":15,"column":10},"end":{"line":20,"column":5}},"type":"if","locations":[{"start":{"line":15,"column":10},"end":{"line":20,"column":5}},{"start":{"line":17,"column":11},"end":{"line":20,"column":5}}],"line":15},"4":{"loc":{"start":{"line":22,"column":4},"end":{"line":25,"column":5}},"type":"if","locations":[{"start":{"line":22,"column":4},"end":{"line":25,"column":5}},{"start":{},"end":{}}],"line":22},"5":{"loc":{"start":{"line":27,"column":4},"end":{"line":29,"column":5}},"type":"if","locations":[{"start":{"line":27,"column":4},"end":{"line":29,"column":5}},{"start":{},"end":{}}],"line":27},"6":{"loc":{"start":{"line":30,"column":4},"end":{"line":32,"column":5}},"type":"if","locations":[{"start":{"line":30,"column":4},"end":{"line":32,"column":5}},{"start":{},"end":{}}],"line":30},"7":{"loc":{"start":{"line":33,"column":4},"end":{"line":35,"column":5}},"type":"if","locations":[{"start":{"line":33,"column":4},"end":{"line":35,"column":5}},{"start":{},"end":{}}],"line":33},"8":{"loc":{"start":{"line":36,"column":4},"end":{"line":38,"column":5}},"type":"if","locations":[{"start":{"line":36,"column":4},"end":{"line":38,"column":5}},{"start":{},"end":{}}],"line":36}},"s":{"0":6,"1":6,"2":20,"3":0,"4":0,"5":6,"6":6,"7":5,"8":1,"9":1,"10":0,"11":0,"12":6,"13":0,"14":0,"15":6,"16":1,"17":6,"18":1,"19":6,"20":1,"21":6,"22":1,"23":6,"24":6,"25":18,"26":1},"f":{"0":6,"1":20,"2":0,"3":6,"4":18},"b":{"0":[20,0],"1":[20,0],"2":[5,1],"3":[1,0],"4":[0,6],"5":[1,5],"6":[1,5],"7":[1,5],"8":[1,5]},"_coverageSchema":"1a1c01bbd47fc00a2c39e90264f33305004495a9","hash":"00a7a7d3fda4d3a88959cd5a99eed60c3ede2fd4"}
}
