TN:
SF:src\cipher.js
FN:1,cipher
FN:5,(anonymous_1)
FN:6,(anonymous_2)
FN:18,(anonymous_3)
FN:19,(anonymous_4)
FN:41,(anonymous_5)
FN:42,(anonymous_6)
FNF:7
FNH:7
FNDA:7,cipher
FNDA:82,(anonymous_1)
FNDA:82,(anonymous_2)
FNDA:106,(anonymous_3)
FNDA:106,(anonymous_4)
FNDA:106,(anonymous_5)
FNDA:106,(anonymous_6)
DA:2,7
DA:3,6
DA:4,6
DA:5,82
DA:6,2
DA:7,82
DA:8,4
DA:10,78
DA:11,56
DA:13,22
DA:15,2
DA:17,4
DA:18,106
DA:19,2
DA:20,106
DA:21,106
DA:22,104
DA:23,2
DA:25,102
DA:26,2
DA:28,100
DA:29,2
DA:31,98
DA:32,2
DA:34,96
DA:36,2
DA:38,2
DA:40,2
DA:41,106
DA:42,2
DA:43,106
DA:44,106
DA:45,52
DA:46,16
DA:48,36
DA:49,16
DA:51,20
DA:53,54
DA:54,52
DA:55,16
DA:57,36
DA:58,16
DA:60,20
DA:62,2
DA:64,2
DA:67,0
DA:70,1
LF:47
LH:46
BRDA:1,0,0,0
BRDA:1,1,0,0
BRDA:2,2,0,1
BRDA:2,2,1,6
BRDA:3,3,0,6
BRDA:3,3,1,0
BRDA:4,4,0,2
BRDA:4,4,1,4
BRDA:5,5,0,2
BRDA:5,5,1,0
BRDA:7,6,0,4
BRDA:7,6,1,78
BRDA:7,7,0,82
BRDA:7,7,1,62
BRDA:10,8,0,56
BRDA:10,8,1,22
BRDA:10,9,0,78
BRDA:10,9,1,56
BRDA:17,10,0,2
BRDA:17,10,1,2
BRDA:18,11,0,2
BRDA:18,11,1,0
BRDA:21,12,0,104
BRDA:21,12,1,2
BRDA:21,13,0,106
BRDA:21,13,1,104
BRDA:21,13,2,54
BRDA:21,13,3,52
BRDA:22,14,0,2
BRDA:22,14,1,102
BRDA:23,15,0,1
BRDA:23,15,1,1
BRDA:25,16,0,2
BRDA:25,16,1,100
BRDA:26,17,0,1
BRDA:26,17,1,1
BRDA:28,18,0,2
BRDA:28,18,1,98
BRDA:29,19,0,1
BRDA:29,19,1,1
BRDA:31,20,0,2
BRDA:31,20,1,96
BRDA:32,21,0,1
BRDA:32,21,1,1
BRDA:34,22,0,48
BRDA:34,22,1,48
BRDA:40,23,0,2
BRDA:40,23,1,0
BRDA:44,24,0,52
BRDA:44,24,1,54
BRDA:44,25,0,106
BRDA:44,25,1,104
BRDA:45,26,0,16
BRDA:45,26,1,36
BRDA:46,27,0,8
BRDA:46,27,1,8
BRDA:48,28,0,16
BRDA:48,28,1,20
BRDA:49,29,0,8
BRDA:49,29,1,8
BRDA:51,30,0,10
BRDA:51,30,1,10
BRDA:53,31,0,52
BRDA:53,31,1,2
BRDA:53,32,0,54
BRDA:53,32,1,52
BRDA:54,33,0,16
BRDA:54,33,1,36
BRDA:55,34,0,8
BRDA:55,34,1,8
BRDA:57,35,0,16
BRDA:57,35,1,20
BRDA:58,36,0,8
BRDA:58,36,1,8
BRDA:60,37,0,10
BRDA:60,37,1,10
BRF:76
BRH:70
end_of_record
TN:
SF:src\validator.js
FN:1,getConfig
FN:3,(anonymous_1)
FN:3,(anonymous_2)
FN:42,configValidator
FN:43,(anonymous_4)
FNF:5
FNH:4
FNDA:6,getConfig
FNDA:20,(anonymous_1)
FNDA:0,(anonymous_2)
FNDA:6,configValidator
FNDA:18,(anonymous_4)
DA:2,6
DA:3,20
DA:4,0
DA:5,0
DA:7,6
DA:13,6
DA:14,5
DA:15,1
DA:16,1
DA:18,0
DA:19,0
DA:22,6
DA:23,0
DA:24,0
DA:27,6
DA:28,1
DA:30,6
DA:31,1
DA:33,6
DA:34,1
DA:36,6
DA:37,1
DA:39,6
DA:43,18
DA:46,1
LF:25
LH:19
BRDA:3,0,0,20
BRDA:3,0,1,0
BRDA:3,1,0,20
BRDA:3,1,1,0
BRDA:13,2,0,5
BRDA:13,2,1,1
BRDA:15,3,0,1
BRDA:15,3,1,0
BRDA:22,4,0,0
BRDA:22,4,1,6
BRDA:27,5,0,1
BRDA:27,5,1,5
BRDA:30,6,0,1
BRDA:30,6,1,5
BRDA:33,7,0,1
BRDA:33,7,1,5
BRDA:36,8,0,1
BRDA:36,8,1,5
BRF:18
BRH:14
end_of_record
